<?xml version="1.0" encoding="UTF-8"?>
<testng-results ignored="0" total="1" passed="1" failed="0" skipped="0">
  <reporter-output>
  </reporter-output>
  <suite started-at="2023-05-17T15:00:58 IST" name="Suite" finished-at="2023-05-17T15:01:06 IST" duration-ms="8117">
    <groups>
    </groups>
    <test started-at="2023-05-17T15:00:58 IST" name="Test" finished-at="2023-05-17T15:01:06 IST" duration-ms="8117">
      <class name="DemoTest">
        <test-method signature="Method001()[pri:0, instance:DemoTest@1a942c18]" started-at="2023-05-17T15:00:58 IST" name="Method001" finished-at="2023-05-17T15:01:06 IST" duration-ms="8050" status="PASS">
          <reporter-output>
          </reporter-output>
        </test-method> <!-- Method001 -->
      </class> <!-- DemoTest -->
    </test> <!-- Test -->
  </suite> <!-- Suite -->
</testng-results>
