<?xml version="1.0" encoding="UTF-8"?>
<testng-results ignored="0" total="1" passed="1" failed="0" skipped="0">
  <reporter-output>
  </reporter-output>
  <suite started-at="2023-05-17T14:29:25 IST" name="Default suite" finished-at="2023-05-17T14:29:31 IST" duration-ms="6215">
    <groups>
    </groups>
    <test started-at="2023-05-17T14:29:25 IST" name="Default test" finished-at="2023-05-17T14:29:31 IST" duration-ms="6215">
      <class name="DemoTest">
        <test-method signature="Method001()[pri:0, instance:DemoTest@4a883b15]" started-at="2023-05-17T14:29:25 IST" name="Method001" finished-at="2023-05-17T14:29:31 IST" duration-ms="6163" status="PASS">
          <reporter-output>
          </reporter-output>
        </test-method> <!-- Method001 -->
      </class> <!-- DemoTest -->
    </test> <!-- Default test -->
  </suite> <!-- Default suite -->
</testng-results>
